Testsuite: com.tekdays.SponsorControllerSpec
Tests run: 7, Failures: 1, Errors: 2, Time elapsed: 10.367 sec
------------- Standard Output ---------------
--Output from Test the index action returns the correct model--
--Output from Test the create action returns the correct model--
--Output from Test the save action correctly persists an instance--
--Output from Test that the show action returns the correct model--
--Output from Test that the edit action returns the correct model--
--Output from Test the update action performs an update on a valid domain instance--
--Output from Test that the delete action deletes an instance if it exists--
------------- ---------------- ---------------
------------- Standard Error -----------------
--Output from Test the index action returns the correct model--
--Output from Test the create action returns the correct model--
--Output from Test the save action correctly persists an instance--
--Output from Test that the show action returns the correct model--
--Output from Test that the edit action returns the correct model--
--Output from Test the update action performs an update on a valid domain instance--
--Output from Test that the delete action deletes an instance if it exists--
------------- ---------------- ---------------

Testcase: Test the index action returns the correct model took 8.85 sec
Testcase: Test the create action returns the correct model took 0.203 sec
Testcase: Test the save action correctly persists an instance took 0.91 sec
	Caused an ERROR
Cannot redirect for object [null] it is not a domain or has no identifier. Use an explicit redirect instead 
org.codehaus.groovy.grails.web.servlet.mvc.exceptions.CannotRedirectException: Cannot redirect for object [null] it is not a domain or has no identifier. Use an explicit redirect instead 
	at com.tekdays.SponsorController.tt__save_closure9_closure14(SponsorController.groovy:43)
	at com.tekdays.SponsorController.$tt__save(SponsorController.groovy:40)
	at com.tekdays.SponsorControllerSpec.Test the save action correctly persists an instance(SponsorControllerSpec.groovy:54)

Testcase: Test that the show action returns the correct model took 0.052 sec
Testcase: Test that the edit action returns the correct model took 0.046 sec
Testcase: Test the update action performs an update on a valid domain instance took 0.125 sec
	Caused an ERROR
Cannot get property 'id' on null object
java.lang.NullPointerException: Cannot get property 'id' on null object
	at com.tekdays.SponsorControllerSpec.Test the update action performs an update on a valid domain instance(SponsorControllerSpec.groovy:122)

Testcase: Test that the delete action deletes an instance if it exists took 0.076 sec
	FAILED
Condition not satisfied:

Sponsor.count() == 1
        |       |
        0       false

junit.framework.AssertionFailedError: Condition not satisfied:

Sponsor.count() == 1
        |       |
        0       false

	at com.tekdays.SponsorControllerSpec.Test that the delete action deletes an instance if it exists(SponsorControllerSpec.groovy:142)

