<?xml version="1.0" encoding="UTF-8" ?>
<testsuites>
  <testsuite errors="0" failures="0" hostname="OSA-PC" id="0" name="TaskServiceIntegrationSpec" package="com.tekdays" tests="1" time="0.503" timestamp="2014-12-15T13:37:05">
      <properties />

      <testcase classname="com.tekdays.TaskServiceIntegrationSpec" name="test addDefaultTasks" time="0.496" />

      <system-out><![CDATA[--Output from test addDefaultTasks--
]]></system-out>

      <system-err><![CDATA[--Output from test addDefaultTasks--
]]></system-err>

  </testsuite>
  <testsuite errors="2" failures="1" hostname="OSA-PC" id="1" name="SponsorControllerSpec" package="com.tekdays" tests="7" time="10.367" timestamp="2014-12-15T13:36:29">
      <properties />

      <testcase classname="com.tekdays.SponsorControllerSpec" name="Test the index action returns the correct model" time="8.85" />

      <testcase classname="com.tekdays.SponsorControllerSpec" name="Test the create action returns the correct model" time="0.203" />

      <testcase classname="com.tekdays.SponsorControllerSpec" name="Test the save action correctly persists an instance" time="0.913">
          <error message="Cannot redirect for object [null] it is not a domain or has no identifier. Use an explicit redirect instead " type="org.codehaus.groovy.grails.web.servlet.mvc.exceptions.CannotRedirectException">org.codehaus.groovy.grails.web.servlet.mvc.exceptions.CannotRedirectException: Cannot redirect for object [null] it is not a domain or has no identifier. Use an explicit redirect instead 
	at com.tekdays.SponsorController.tt__save_closure9_closure14(SponsorController.groovy:43)
	at com.tekdays.SponsorController.$tt__save(SponsorController.groovy:40)
	at com.tekdays.SponsorControllerSpec.Test the save action correctly persists an instance(SponsorControllerSpec.groovy:54)
</error>

      </testcase>

      <testcase classname="com.tekdays.SponsorControllerSpec" name="Test that the show action returns the correct model" time="0.052" />

      <testcase classname="com.tekdays.SponsorControllerSpec" name="Test that the edit action returns the correct model" time="0.046" />

      <testcase classname="com.tekdays.SponsorControllerSpec" name="Test the update action performs an update on a valid domain instance" time="0.127">
          <error message="Cannot get property &apos;id&apos; on null object" type="java.lang.NullPointerException">java.lang.NullPointerException: Cannot get property &apos;id&apos; on null object
	at com.tekdays.SponsorControllerSpec.Test the update action performs an update on a valid domain instance(SponsorControllerSpec.groovy:122)
</error>

      </testcase>

      <testcase classname="com.tekdays.SponsorControllerSpec" name="Test that the delete action deletes an instance if it exists" time="0.076">
          <failure message="Condition not satisfied:&#xa;&#xa;Sponsor.count() == 1&#xa;        |       |&#xa;        0       false&#xa;" type="junit.framework.AssertionFailedError">junit.framework.AssertionFailedError: Condition not satisfied:

Sponsor.count() == 1
        |       |
        0       false

	at com.tekdays.SponsorControllerSpec.Test that the delete action deletes an instance if it exists(SponsorControllerSpec.groovy:142)
</failure>

      </testcase>

      <system-out><![CDATA[--Output from Test the index action returns the correct model--
--Output from Test the create action returns the correct model--
--Output from Test the save action correctly persists an instance--
--Output from Test that the show action returns the correct model--
--Output from Test that the edit action returns the correct model--
--Output from Test the update action performs an update on a valid domain instance--
--Output from Test that the delete action deletes an instance if it exists--
]]></system-out>

      <system-err><![CDATA[--Output from Test the index action returns the correct model--
--Output from Test the create action returns the correct model--
--Output from Test the save action correctly persists an instance--
--Output from Test that the show action returns the correct model--
--Output from Test that the edit action returns the correct model--
--Output from Test the update action performs an update on a valid domain instance--
--Output from Test that the delete action deletes an instance if it exists--
]]></system-err>

  </testsuite>
  <testsuite errors="0" failures="0" hostname="OSA-PC" id="2" name="SponsorSpec" package="com.tekdays" tests="1" time="0.143" timestamp="2014-12-15T13:36:41">
      <properties />

      <testcase classname="com.tekdays.SponsorSpec" name="test creating a Sponsor" time="0.127" />

      <system-out><![CDATA[--Output from test creating a Sponsor--
]]></system-out>

      <system-err><![CDATA[--Output from test creating a Sponsor--
]]></system-err>

  </testsuite>
  <testsuite errors="2" failures="1" hostname="OSA-PC" id="3" name="SponsorshipControllerSpec" package="com.tekdays" tests="7" time="1.392" timestamp="2014-12-15T13:36:39">
      <properties />

      <testcase classname="com.tekdays.SponsorshipControllerSpec" name="Test the index action returns the correct model" time="0.492" />

      <testcase classname="com.tekdays.SponsorshipControllerSpec" name="Test the create action returns the correct model" time="0.077" />

      <testcase classname="com.tekdays.SponsorshipControllerSpec" name="Test the save action correctly persists an instance" time="0.146">
          <error message="Cannot redirect for object [com.tekdays.Sponsorship : (unsaved)] it is not a domain or has no identifier. Use an explicit redirect instead " type="org.codehaus.groovy.grails.web.servlet.mvc.exceptions.CannotRedirectException">org.codehaus.groovy.grails.web.servlet.mvc.exceptions.CannotRedirectException: Cannot redirect for object [com.tekdays.Sponsorship : (unsaved)] it is not a domain or has no identifier. Use an explicit redirect instead 
	at com.tekdays.SponsorshipController.tt__save_closure9_closure14(SponsorshipController.groovy:43)
	at com.tekdays.SponsorshipController.$tt__save(SponsorshipController.groovy:40)
	at com.tekdays.SponsorshipControllerSpec.Test the save action correctly persists an instance(SponsorshipControllerSpec.groovy:54)
</error>

      </testcase>

      <testcase classname="com.tekdays.SponsorshipControllerSpec" name="Test that the show action returns the correct model" time="0.051" />

      <testcase classname="com.tekdays.SponsorshipControllerSpec" name="Test that the edit action returns the correct model" time="0.06" />

      <testcase classname="com.tekdays.SponsorshipControllerSpec" name="Test the update action performs an update on a valid domain instance" time="0.443">
          <error message="Cannot get property &apos;id&apos; on null object" type="java.lang.NullPointerException">java.lang.NullPointerException: Cannot get property &apos;id&apos; on null object
	at com.tekdays.SponsorshipControllerSpec.Test the update action performs an update on a valid domain instance(SponsorshipControllerSpec.groovy:122)
</error>

      </testcase>

      <testcase classname="com.tekdays.SponsorshipControllerSpec" name="Test that the delete action deletes an instance if it exists" time="0.079">
          <failure message="Condition not satisfied:&#xa;&#xa;Sponsorship.count() == 1&#xa;            |       |&#xa;            0       false&#xa;" type="junit.framework.AssertionFailedError">junit.framework.AssertionFailedError: Condition not satisfied:

Sponsorship.count() == 1
            |       |
            0       false

	at com.tekdays.SponsorshipControllerSpec.Test that the delete action deletes an instance if it exists(SponsorshipControllerSpec.groovy:142)
</failure>

      </testcase>

      <system-out><![CDATA[--Output from Test the index action returns the correct model--
--Output from Test the create action returns the correct model--
--Output from Test the save action correctly persists an instance--
--Output from Test that the show action returns the correct model--
--Output from Test that the edit action returns the correct model--
--Output from Test the update action performs an update on a valid domain instance--
--Output from Test that the delete action deletes an instance if it exists--
]]></system-out>

      <system-err><![CDATA[--Output from Test the index action returns the correct model--
--Output from Test the create action returns the correct model--
--Output from Test the save action correctly persists an instance--
--Output from Test that the show action returns the correct model--
--Output from Test that the edit action returns the correct model--
--Output from Test the update action performs an update on a valid domain instance--
--Output from Test that the delete action deletes an instance if it exists--
]]></system-err>

  </testsuite>
  <testsuite errors="2" failures="1" hostname="OSA-PC" id="4" name="TaskControllerSpec" package="com.tekdays" tests="7" time="0.852" timestamp="2014-12-15T13:36:41">
      <properties />

      <testcase classname="com.tekdays.TaskControllerSpec" name="Test the index action returns the correct model" time="0.392" />

      <testcase classname="com.tekdays.TaskControllerSpec" name="Test the create action returns the correct model" time="0.056" />

      <testcase classname="com.tekdays.TaskControllerSpec" name="Test the save action correctly persists an instance" time="0.122">
          <error message="Cannot redirect for object [com.tekdays.Task : (unsaved)] it is not a domain or has no identifier. Use an explicit redirect instead " type="org.codehaus.groovy.grails.web.servlet.mvc.exceptions.CannotRedirectException">org.codehaus.groovy.grails.web.servlet.mvc.exceptions.CannotRedirectException: Cannot redirect for object [com.tekdays.Task : (unsaved)] it is not a domain or has no identifier. Use an explicit redirect instead 
	at com.tekdays.TaskController.tt__save_closure9_closure14(TaskController.groovy:43)
	at com.tekdays.TaskController.$tt__save(TaskController.groovy:40)
	at com.tekdays.TaskControllerSpec.Test the save action correctly persists an instance(TaskControllerSpec.groovy:54)
</error>

      </testcase>

      <testcase classname="com.tekdays.TaskControllerSpec" name="Test that the show action returns the correct model" time="0.042" />

      <testcase classname="com.tekdays.TaskControllerSpec" name="Test that the edit action returns the correct model" time="0.039" />

      <testcase classname="com.tekdays.TaskControllerSpec" name="Test the update action performs an update on a valid domain instance" time="0.112">
          <error message="Cannot get property &apos;id&apos; on null object" type="java.lang.NullPointerException">java.lang.NullPointerException: Cannot get property &apos;id&apos; on null object
	at com.tekdays.TaskControllerSpec.Test the update action performs an update on a valid domain instance(TaskControllerSpec.groovy:122)
</error>

      </testcase>

      <testcase classname="com.tekdays.TaskControllerSpec" name="Test that the delete action deletes an instance if it exists" time="0.043">
          <failure message="Condition not satisfied:&#xa;&#xa;Task.count() == 1&#xa;     |       |&#xa;     0       false&#xa;" type="junit.framework.AssertionFailedError">junit.framework.AssertionFailedError: Condition not satisfied:

Task.count() == 1
     |       |
     0       false

	at com.tekdays.TaskControllerSpec.Test that the delete action deletes an instance if it exists(TaskControllerSpec.groovy:142)
</failure>

      </testcase>

      <system-out><![CDATA[--Output from Test the index action returns the correct model--
--Output from Test the create action returns the correct model--
--Output from Test the save action correctly persists an instance--
--Output from Test that the show action returns the correct model--
--Output from Test that the edit action returns the correct model--
--Output from Test the update action performs an update on a valid domain instance--
--Output from Test that the delete action deletes an instance if it exists--
]]></system-out>

      <system-err><![CDATA[--Output from Test the index action returns the correct model--
--Output from Test the create action returns the correct model--
--Output from Test the save action correctly persists an instance--
--Output from Test that the show action returns the correct model--
--Output from Test that the edit action returns the correct model--
--Output from Test the update action performs an update on a valid domain instance--
--Output from Test that the delete action deletes an instance if it exists--
]]></system-err>

  </testsuite>
  <testsuite errors="2" failures="1" hostname="OSA-PC" id="5" name="TekEventControllerSpec" package="com.tekdays" tests="7" time="0.826" timestamp="2014-12-15T13:36:42">
      <properties />

      <testcase classname="com.tekdays.TekEventControllerSpec" name="Test the index action returns the correct model" time="0.403" />

      <testcase classname="com.tekdays.TekEventControllerSpec" name="Test the create action returns the correct model" time="0.036" />

      <testcase classname="com.tekdays.TekEventControllerSpec" name="Test the save action correctly persists an instance" time="0.081">
          <error message="Cannot invoke method addDefaultTasks() on null object" type="java.lang.NullPointerException">java.lang.NullPointerException: Cannot invoke method addDefaultTasks() on null object
	at com.tekdays.TekEventController.$tt__save(TekEventController.groovy:41)
	at com.tekdays.TekEventControllerSpec.Test the save action correctly persists an instance(TekEventControllerSpec.groovy:54)
</error>

      </testcase>

      <testcase classname="com.tekdays.TekEventControllerSpec" name="Test that the show action returns the correct model" time="0.054" />

      <testcase classname="com.tekdays.TekEventControllerSpec" name="Test that the edit action returns the correct model" time="0.058" />

      <testcase classname="com.tekdays.TekEventControllerSpec" name="Test the update action performs an update on a valid domain instance" time="0.106">
          <error message="Cannot get property &apos;id&apos; on null object" type="java.lang.NullPointerException">java.lang.NullPointerException: Cannot get property &apos;id&apos; on null object
	at com.tekdays.TekEventControllerSpec.Test the update action performs an update on a valid domain instance(TekEventControllerSpec.groovy:122)
</error>

      </testcase>

      <testcase classname="com.tekdays.TekEventControllerSpec" name="Test that the delete action deletes an instance if it exists" time="0.045">
          <failure message="Condition not satisfied:&#xa;&#xa;TekEvent.count() == 1&#xa;         |       |&#xa;         0       false&#xa;" type="junit.framework.AssertionFailedError">junit.framework.AssertionFailedError: Condition not satisfied:

TekEvent.count() == 1
         |       |
         0       false

	at com.tekdays.TekEventControllerSpec.Test that the delete action deletes an instance if it exists(TekEventControllerSpec.groovy:142)
</failure>

      </testcase>

      <system-out><![CDATA[--Output from Test the index action returns the correct model--
--Output from Test the create action returns the correct model--
--Output from Test the save action correctly persists an instance--
--Output from Test that the show action returns the correct model--
--Output from Test that the edit action returns the correct model--
--Output from Test the update action performs an update on a valid domain instance--
--Output from Test that the delete action deletes an instance if it exists--
]]></system-out>

      <system-err><![CDATA[--Output from Test the index action returns the correct model--
--Output from Test the create action returns the correct model--
--Output from Test the save action correctly persists an instance--
--Output from Test that the show action returns the correct model--
--Output from Test that the edit action returns the correct model--
--Output from Test the update action performs an update on a valid domain instance--
--Output from Test that the delete action deletes an instance if it exists--
]]></system-err>

  </testsuite>
  <testsuite errors="0" failures="0" hostname="OSA-PC" id="6" name="TekEventSpec" package="com.tekdays" tests="2" time="0.214" timestamp="2014-12-15T13:36:43">
      <properties />

      <testcase classname="com.tekdays.TekEventSpec" name="test toString" time="0.185" />

      <testcase classname="com.tekdays.TekEventSpec" name="test description size" time="0.014" />

      <system-out><![CDATA[--Output from test toString--
--Output from test description size--
]]></system-out>

      <system-err><![CDATA[--Output from test toString--
--Output from test description size--
]]></system-err>

  </testsuite>
  <testsuite errors="2" failures="1" hostname="OSA-PC" id="7" name="TekMessageControllerSpec" package="com.tekdays" tests="7" time="0.795" timestamp="2014-12-15T13:36:43">
      <properties />

      <testcase classname="com.tekdays.TekMessageControllerSpec" name="Test the index action returns the correct model" time="0.324" />

      <testcase classname="com.tekdays.TekMessageControllerSpec" name="Test the create action returns the correct model" time="0.032" />

      <testcase classname="com.tekdays.TekMessageControllerSpec" name="Test the save action correctly persists an instance" time="0.13">
          <error message="Cannot redirect for object [com.tekdays.TekMessage : (unsaved)] it is not a domain or has no identifier. Use an explicit redirect instead " type="org.codehaus.groovy.grails.web.servlet.mvc.exceptions.CannotRedirectException">org.codehaus.groovy.grails.web.servlet.mvc.exceptions.CannotRedirectException: Cannot redirect for object [com.tekdays.TekMessage : (unsaved)] it is not a domain or has no identifier. Use an explicit redirect instead 
	at com.tekdays.TekMessageController.tt__save_closure9_closure14(TekMessageController.groovy:43)
	at com.tekdays.TekMessageController.$tt__save(TekMessageController.groovy:40)
	at com.tekdays.TekMessageControllerSpec.Test the save action correctly persists an instance(TekMessageControllerSpec.groovy:54)
</error>

      </testcase>

      <testcase classname="com.tekdays.TekMessageControllerSpec" name="Test that the show action returns the correct model" time="0.053" />

      <testcase classname="com.tekdays.TekMessageControllerSpec" name="Test that the edit action returns the correct model" time="0.042" />

      <testcase classname="com.tekdays.TekMessageControllerSpec" name="Test the update action performs an update on a valid domain instance" time="0.125">
          <error message="Cannot get property &apos;id&apos; on null object" type="java.lang.NullPointerException">java.lang.NullPointerException: Cannot get property &apos;id&apos; on null object
	at com.tekdays.TekMessageControllerSpec.Test the update action performs an update on a valid domain instance(TekMessageControllerSpec.groovy:122)
</error>

      </testcase>

      <testcase classname="com.tekdays.TekMessageControllerSpec" name="Test that the delete action deletes an instance if it exists" time="0.051">
          <failure message="Condition not satisfied:&#xa;&#xa;TekMessage.count() == 1&#xa;           |       |&#xa;           0       false&#xa;" type="junit.framework.AssertionFailedError">junit.framework.AssertionFailedError: Condition not satisfied:

TekMessage.count() == 1
           |       |
           0       false

	at com.tekdays.TekMessageControllerSpec.Test that the delete action deletes an instance if it exists(TekMessageControllerSpec.groovy:142)
</failure>

      </testcase>

      <system-out><![CDATA[--Output from Test the index action returns the correct model--
--Output from Test the create action returns the correct model--
--Output from Test the save action correctly persists an instance--
--Output from Test that the show action returns the correct model--
--Output from Test that the edit action returns the correct model--
--Output from Test the update action performs an update on a valid domain instance--
--Output from Test that the delete action deletes an instance if it exists--
]]></system-out>

      <system-err><![CDATA[--Output from Test the index action returns the correct model--
--Output from Test the create action returns the correct model--
--Output from Test the save action correctly persists an instance--
--Output from Test that the show action returns the correct model--
--Output from Test that the edit action returns the correct model--
--Output from Test the update action performs an update on a valid domain instance--
--Output from Test that the delete action deletes an instance if it exists--
]]></system-err>

  </testsuite>
  <testsuite errors="2" failures="1" hostname="OSA-PC" id="8" name="TekUserControllerSpec" package="com.tekdays" tests="7" time="0.747" timestamp="2014-12-15T13:36:44">
      <properties />

      <testcase classname="com.tekdays.TekUserControllerSpec" name="Test the index action returns the correct model" time="0.32" />

      <testcase classname="com.tekdays.TekUserControllerSpec" name="Test the create action returns the correct model" time="0.041" />

      <testcase classname="com.tekdays.TekUserControllerSpec" name="Test the save action correctly persists an instance" time="0.111">
          <error message="Cannot redirect for object [null] it is not a domain or has no identifier. Use an explicit redirect instead " type="org.codehaus.groovy.grails.web.servlet.mvc.exceptions.CannotRedirectException">org.codehaus.groovy.grails.web.servlet.mvc.exceptions.CannotRedirectException: Cannot redirect for object [null] it is not a domain or has no identifier. Use an explicit redirect instead 
	at com.tekdays.TekUserController.tt__save_closure9_closure14(TekUserController.groovy:43)
	at com.tekdays.TekUserController.$tt__save(TekUserController.groovy:40)
	at com.tekdays.TekUserControllerSpec.Test the save action correctly persists an instance(TekUserControllerSpec.groovy:54)
</error>

      </testcase>

      <testcase classname="com.tekdays.TekUserControllerSpec" name="Test that the show action returns the correct model" time="0.054" />

      <testcase classname="com.tekdays.TekUserControllerSpec" name="Test that the edit action returns the correct model" time="0.044" />

      <testcase classname="com.tekdays.TekUserControllerSpec" name="Test the update action performs an update on a valid domain instance" time="0.097">
          <error message="Cannot get property &apos;id&apos; on null object" type="java.lang.NullPointerException">java.lang.NullPointerException: Cannot get property &apos;id&apos; on null object
	at com.tekdays.TekUserControllerSpec.Test the update action performs an update on a valid domain instance(TekUserControllerSpec.groovy:122)
</error>

      </testcase>

      <testcase classname="com.tekdays.TekUserControllerSpec" name="Test that the delete action deletes an instance if it exists" time="0.05">
          <failure message="Condition not satisfied:&#xa;&#xa;TekUser.count() == 1&#xa;        |       |&#xa;        0       false&#xa;" type="junit.framework.AssertionFailedError">junit.framework.AssertionFailedError: Condition not satisfied:

TekUser.count() == 1
        |       |
        0       false

	at com.tekdays.TekUserControllerSpec.Test that the delete action deletes an instance if it exists(TekUserControllerSpec.groovy:142)
</failure>

      </testcase>

      <system-out><![CDATA[--Output from Test the index action returns the correct model--
--Output from Test the create action returns the correct model--
--Output from Test the save action correctly persists an instance--
--Output from Test that the show action returns the correct model--
--Output from Test that the edit action returns the correct model--
--Output from Test the update action performs an update on a valid domain instance--
--Output from Test that the delete action deletes an instance if it exists--
]]></system-out>

      <system-err><![CDATA[--Output from Test the index action returns the correct model--
--Output from Test the create action returns the correct model--
--Output from Test the save action correctly persists an instance--
--Output from Test that the show action returns the correct model--
--Output from Test that the edit action returns the correct model--
--Output from Test the update action performs an update on a valid domain instance--
--Output from Test that the delete action deletes an instance if it exists--
]]></system-err>

  </testsuite>
  <testsuite errors="0" failures="0" hostname="OSA-PC" id="9" name="TekUserSpec" package="com.tekdays" tests="1" time="0.124" timestamp="2014-12-15T13:36:44">
      <properties />

      <testcase classname="com.tekdays.TekUserSpec" name="test bio max size" time="0.115" />

      <system-out><![CDATA[--Output from test bio max size--
]]></system-out>

      <system-err><![CDATA[--Output from test bio max size--
]]></system-err>

  </testsuite>
</testsuites>
