# JRE version: Java(TM) SE Runtime Environment (8.0-b132) (build 1.8.0-b132)
# Java VM: Java HotSpot(TM) 64-Bit Server VM (25.0-b70 mixed mode linux-amd64 compressed oops)
Heap:
 PSYoungGen      total 234496K, used 142269K [0x00000000f0000000, 0x0000000100000000, 0x0000000100000000)
  eden space 207872K, 60% used [0x00000000f0000000,0x00000000f7b62a78,0x00000000fcb00000)
  from space 26624K, 59% used [0x00000000fe600000,0x00000000ff58caa0,0x0000000100000000)
  to   space 27136K, 0% used [0x00000000fcb00000,0x00000000fcb00000,0x00000000fe580000)
 ParOldGen       total 109568K, used 91118K [0x00000000d0000000, 0x00000000d6b00000, 0x00000000f0000000)
  object space 109568K, 83% used [0x00000000d0000000,0x00000000d58fb978,0x00000000d6b00000)
 Metaspace       used 63666K, capacity 65706K, committed 66048K, reserved 1107968K
  class space    used 7278K, capacity 7842K, committed 7936K, reserved 1048576K
GC Heap History (10 events):
Event: 16.990 GC heap before
{Heap before GC invocations=61 (full 6):
 PSYoungGen      total 245760K, used 16353K [0x00000000f0000000, 0x0000000100000000, 0x0000000100000000)
  eden space 229376K, 0% used [0x00000000f0000000,0x00000000f0000000,0x00000000fe000000)
  from space 16384K, 99% used [0x00000000fe000000,0x00000000feff85a0,0x00000000ff000000)
  to   space 16384K, 0% used [0x00000000ff000000,0x00000000ff000000,0x0000000100000000)
 ParOldGen       total 75264K, used 75048K [0x00000000d0000000, 0x00000000d4980000, 0x00000000f0000000)
  object space 75264K, 99% used [0x00000000d0000000,0x00000000d494a170,0x00000000d4980000)
 Metaspace       used 56344K, capacity 57936K, committed 58240K, reserved 1101824K
  class space    used 6199K, capacity 6688K, committed 6784K, reserved 1048576K
Event: 17.950 GC heap after
Heap after GC invocations=61 (full 6):
 PSYoungGen      total 245760K, used 14692K [0x00000000f0000000, 0x0000000100000000, 0x0000000100000000)
  eden space 229376K, 0% used [0x00000000f0000000,0x00000000f0000000,0x00000000fe000000)
  from space 16384K, 89% used [0x00000000fe000000,0x00000000fee59298,0x00000000ff000000)
  to   space 16384K, 0% used [0x00000000ff000000,0x00000000ff000000,0x0000000100000000)
 ParOldGen       total 90624K, used 75171K [0x00000000d0000000, 0x00000000d5880000, 0x00000000f0000000)
  object space 90624K, 82% used [0x00000000d0000000,0x00000000d4968cb0,0x00000000d5880000)
 Metaspace       used 56344K, capacity 57936K, committed 58240K, reserved 1101824K
  class space    used 6199K, capacity 6688K, committed 6784K, reserved 1048576K
}
Event: 18.761 GC heap before
{Heap before GC invocations=62 (full 6):
 PSYoungGen      total 245760K, used 244068K [0x00000000f0000000, 0x0000000100000000, 0x0000000100000000)
  eden space 229376K, 100% used [0x00000000f0000000,0x00000000fe000000,0x00000000fe000000)
  from space 16384K, 89% used [0x00000000fe000000,0x00000000fee59298,0x00000000ff000000)
  to   space 16384K, 0% used [0x00000000ff000000,0x00000000ff000000,0x0000000100000000)
 ParOldGen       total 90624K, used 75171K [0x00000000d0000000, 0x00000000d5880000, 0x00000000f0000000)
  object space 90624K, 82% used [0x00000000d0000000,0x00000000d4968cb0,0x00000000d5880000)
 Metaspace       used 58375K, capacity 60018K, committed 60288K, reserved 1101824K
  class space    used 6523K, capacity 7017K, committed 7040K, reserved 1048576K
Event: 18.834 GC heap after
Heap after GC invocations=62 (full 6):
 PSYoungGen      total 225280K, used 16353K [0x00000000f0000000, 0x0000000100000000, 0x0000000100000000)
  eden space 208896K, 0% used [0x00000000f0000000,0x00000000f0000000,0x00000000fcc00000)
  from space 16384K, 99% used [0x00000000ff000000,0x00000000ffff8580,0x0000000100000000)
  to   space 26624K, 0% used [0x00000000fcc00000,0x00000000fcc00000,0x00000000fe600000)
 ParOldGen       total 90624K, used 83037K [0x00000000d0000000, 0x00000000d5880000, 0x00000000f0000000)
  object space 90624K, 91% used [0x00000000d0000000,0x00000000d51175d8,0x00000000d5880000)
 Metaspace       used 58375K, capacity 60018K, committed 60288K, reserved 1101824K
  class space    used 6523K, capacity 7017K, committed 7040K, reserved 1048576K
}
Event: 18.834 GC heap before
{Heap before GC invocations=63 (full 7):
 PSYoungGen      total 225280K, used 16353K [0x00000000f0000000, 0x0000000100000000, 0x0000000100000000)
  eden space 208896K, 0% used [0x00000000f0000000,0x00000000f0000000,0x00000000fcc00000)
  from space 16384K, 99% used [0x00000000ff000000,0x00000000ffff8580,0x0000000100000000)
  to   space 26624K, 0% used [0x00000000fcc00000,0x00000000fcc00000,0x00000000fe600000)
 ParOldGen       total 90624K, used 83037K [0x00000000d0000000, 0x00000000d5880000, 0x00000000f0000000)
  object space 90624K, 91% used [0x00000000d0000000,0x00000000d51175d8,0x00000000d5880000)
 Metaspace       used 58375K, capacity 60018K, committed 60288K, reserved 1101824K
  class space    used 6523K, capacity 7017K, committed 7040K, reserved 1048576K
Event: 19.627 GC heap after
Heap after GC invocations=63 (full 7):
 PSYoungGen      total 225280K, used 7110K [0x00000000f0000000, 0x0000000100000000, 0x0000000100000000)
  eden space 208896K, 0% used [0x00000000f0000000,0x00000000f0000000,0x00000000fcc00000)
  from space 16384K, 43% used [0x00000000ff000000,0x00000000ff6f1a48,0x0000000100000000)
  to   space 26624K, 0% used [0x00000000fcc00000,0x00000000fcc00000,0x00000000fe600000)
 ParOldGen       total 109568K, used 90538K [0x00000000d0000000, 0x00000000d6b00000, 0x00000000f0000000)
  object space 109568K, 82% used [0x00000000d0000000,0x00000000d586a968,0x00000000d6b00000)
 Metaspace       used 58375K, capacity 60018K, committed 60288K, reserved 1101824K
  class space    used 6523K, capacity 7017K, committed 7040K, reserved 1048576K
}
Event: 20.525 GC heap before
{Heap before GC invocations=64 (full 7):
 PSYoungGen      total 225280K, used 214164K [0x00000000f0000000, 0x0000000100000000, 0x0000000100000000)
  eden space 208896K, 99% used [0x00000000f0000000,0x00000000fca33990,0x00000000fcc00000)
  from space 16384K, 43% used [0x00000000ff000000,0x00000000ff6f1a48,0x0000000100000000)
  to   space 26624K, 0% used [0x00000000fcc00000,0x00000000fcc00000,0x00000000fe600000)
 ParOldGen       total 109568K, used 90538K [0x00000000d0000000, 0x00000000d6b00000, 0x00000000f0000000)
  object space 109568K, 82% used [0x00000000d0000000,0x00000000d586a968,0x00000000d6b00000)
 Metaspace       used 59755K, capacity 61570K, committed 61824K, reserved 1103872K
  class space    used 6723K, capacity 7251K, committed 7296K, reserved 1048576K
Event: 20.582 GC heap after
Heap after GC invocations=64 (full 7):
 PSYoungGen      total 235520K, used 14416K [0x00000000f0000000, 0x0000000100000000, 0x0000000100000000)
  eden space 208896K, 0% used [0x00000000f0000000,0x00000000f0000000,0x00000000fcc00000)
  from space 26624K, 54% used [0x00000000fcc00000,0x00000000fda142e8,0x00000000fe600000)
  to   space 26624K, 0% used [0x00000000fe600000,0x00000000fe600000,0x0000000100000000)
 ParOldGen       total 109568K, used 91118K [0x00000000d0000000, 0x00000000d6b00000, 0x00000000f0000000)
  object space 109568K, 83% used [0x00000000d0000000,0x00000000d58fb978,0x00000000d6b00000)
 Metaspace       used 59755K, capacity 61570K, committed 61824K, reserved 1103872K
  class space    used 6723K, capacity 7251K, committed 7296K, reserved 1048576K
}
Event: 21.007 GC heap before
{Heap before GC invocations=65 (full 7):
 PSYoungGen      total 235520K, used 223312K [0x00000000f0000000, 0x0000000100000000, 0x0000000100000000)
  eden space 208896K, 100% used [0x00000000f0000000,0x00000000fcc00000,0x00000000fcc00000)
  from space 26624K, 54% used [0x00000000fcc00000,0x00000000fda142e8,0x00000000fe600000)
  to   space 26624K, 0% used [0x00000000fe600000,0x00000000fe600000,0x0000000100000000)
 ParOldGen       total 109568K, used 91118K [0x00000000d0000000, 0x00000000d6b00000, 0x00000000f0000000)
  object space 109568K, 83% used [0x00000000d0000000,0x00000000d58fb978,0x00000000d6b00000)
 Metaspace       used 61442K, capacity 63294K, committed 63360K, reserved 1105920K
  class space    used 6986K, capacity 7527K, committed 7552K, reserved 1048576K
Event: 21.049 GC heap after
Heap after GC invocations=65 (full 7):
 PSYoungGen      total 234496K, used 15922K [0x00000000f0000000, 0x0000000100000000, 0x0000000100000000)
  eden space 207872K, 0% used [0x00000000f0000000,0x00000000f0000000,0x00000000fcb00000)
  from space 26624K, 59% used [0x00000000fe600000,0x00000000ff58caa0,0x0000000100000000)
  to   space 27136K, 0% used [0x00000000fcb00000,0x00000000fcb00000,0x00000000fe580000)
 ParOldGen       total 109568K, used 91118K [0x00000000d0000000, 0x00000000d6b00000, 0x00000000f0000000)
  object space 109568K, 83% used [0x00000000d0000000,0x00000000d58fb978,0x00000000d6b00000)
 Metaspace       used 61442K, capacity 63294K, committed 63360K, reserved 1105920K
  class space    used 6986K, capacity 7527K, committed 7552K, reserved 1048576K
}

